0 silly argv {
0 silly argv   _: [ 'bootstrap' ],
0 silly argv   lernaVersion: '4.0.0',
0 silly argv   '$0': '/opt/homebrew/bin/lerna'
0 silly argv }
1 notice cli v4.0.0
2 verbose rootPath /Users/michal/Work/Programming/Projects/HexChess/HexChess
3 error JSONError: Unexpected token "}" (0x7D) in JSON at position 1960 while parsing near "...\"uuid\": \"^8.3.0\",\n  },\n  \"devDependencie..." in projects/web-service/package.json
3 error
3 error [0m [90m 57 |[39m     [32m"utils"[39m[33m:[39m [32m"0.4.8"[39m[33m,[39m[0m
3 error [0m [90m 58 |[39m     [32m"uuid"[39m[33m:[39m [32m"^8.3.0"[39m[33m,[39m[0m
3 error [0m[31m[1m>[22m[39m[90m 59 |[39m   }[33m,[39m[0m
3 error [0m [90m    |[39m   [31m[1m^[22m[39m[0m
3 error [0m [90m 60 |[39m   [32m"devDependencies"[39m[33m:[39m {[0m
3 error [0m [90m 61 |[39m     [32m"@nestjs/cli"[39m[33m:[39m [32m"^7.0.0"[39m[33m,[39m[0m
3 error [0m [90m 62 |[39m     [32m"@nestjs/schematics"[39m[33m:[39m [32m"^7.0.0"[39m[33m,[39m[0m
3 error
3 error     at parseJson (/opt/homebrew/lib/node_modules/lerna/node_modules/parse-json/index.js:29:21)
3 error     at parse (/opt/homebrew/lib/node_modules/lerna/node_modules/load-json-file/index.js:15:9)
3 error     at module.exports (/opt/homebrew/lib/node_modules/lerna/node_modules/load-json-file/index.js:18:47)
